2023-10-10T14:36:08.951+09:00  INFO 2268 --- [restartedMain] kr.co.sboard.SboardApplication    : Starting SboardApplication using Java 17.0.8 with PID 2268 (C:\Users\Java\Desktop\Workspace\Spring\Sboard\build\classes\java\main started by Java in C:\Users\Java\Desktop\Workspace\Spring\Sboard)
2023-10-10T14:36:08.952+09:00  INFO 2268 --- [restartedMain] kr.co.sboard.SboardApplication    : No active profile set, falling back to 1 default profile: "default"
2023-10-10T14:36:08.977+09:00  INFO 2268 --- [restartedMain] .e.DevToolsPropertyDefaultsPostProcessor : Devtools property defaults active! Set 'spring.devtools.add-properties' to 'false' to disable
2023-10-10T14:36:08.978+09:00  INFO 2268 --- [restartedMain] .e.DevToolsPropertyDefaultsPostProcessor : For additional web related logging consider setting the 'logging.level.web' property to 'DEBUG'
2023-10-10T14:36:09.278+09:00  INFO 2268 --- [restartedMain] .s.d.r.c.RepositoryConfigurationDelegate : Bootstrapping Spring Data JPA repositories in DEFAULT mode.
2023-10-10T14:36:09.285+09:00  INFO 2268 --- [restartedMain] .s.d.r.c.RepositoryConfigurationDelegate : Finished Spring Data repository scanning in 3 ms. Found 0 JPA repository interfaces.
2023-10-10T14:36:09.343+09:00  WARN 2268 --- [restartedMain] o.m.s.mapper.ClassPathMapperScanner      : No MyBatis mapper was found in '[kr.co.sboard.Sboard]' package. Please check your configuration.
2023-10-10T14:36:09.585+09:00  INFO 2268 --- [restartedMain] o.s.b.w.embedded.tomcat.TomcatWebServer  : Tomcat initialized with port(s): 8080 (http)
2023-10-10T14:36:09.592+09:00  INFO 2268 --- [restartedMain] o.apache.catalina.core.StandardService   : Starting service [Tomcat]
2023-10-10T14:36:09.592+09:00  INFO 2268 --- [restartedMain] o.apache.catalina.core.StandardEngine    : Starting Servlet engine: [Apache Tomcat/10.1.13]
2023-10-10T14:36:09.632+09:00  INFO 2268 --- [restartedMain] o.a.c.c.C.[Tomcat].[localhost].[/]       : Initializing Spring embedded WebApplicationContext
2023-10-10T14:36:09.632+09:00  INFO 2268 --- [restartedMain] w.s.c.ServletWebServerApplicationContext : Root WebApplicationContext: initialization completed in 652 ms
2023-10-10T14:36:09.714+09:00  INFO 2268 --- [restartedMain] o.hibernate.jpa.internal.util.LogHelper  : HHH000204: Processing PersistenceUnitInfo [name: default]
2023-10-10T14:36:09.740+09:00  INFO 2268 --- [restartedMain] org.hibernate.Version                    : HHH000412: Hibernate ORM core version 6.2.9.Final
2023-10-10T14:36:09.741+09:00  INFO 2268 --- [restartedMain] org.hibernate.cfg.Environment            : HHH000406: Using bytecode reflection optimizer
2023-10-10T14:36:09.806+09:00  INFO 2268 --- [restartedMain] o.h.b.i.BytecodeProviderInitiator        : HHH000021: Bytecode provider name : bytebuddy
2023-10-10T14:36:09.871+09:00  INFO 2268 --- [restartedMain] o.s.o.j.p.SpringPersistenceUnitInfo      : No LoadTimeWeaver setup: ignoring JPA class transformer
2023-10-10T14:36:09.879+09:00  INFO 2268 --- [restartedMain] com.zaxxer.hikari.HikariDataSource       : HikariPool-1 - Starting...
2023-10-10T14:36:10.118+09:00  INFO 2268 --- [restartedMain] com.zaxxer.hikari.pool.HikariPool        : HikariPool-1 - Added connection com.mysql.cj.jdbc.ConnectionImpl@5e10a2e0
2023-10-10T14:36:10.120+09:00  INFO 2268 --- [restartedMain] com.zaxxer.hikari.HikariDataSource       : HikariPool-1 - Start completed.
2023-10-10T14:36:10.221+09:00  WARN 2268 --- [restartedMain] org.hibernate.orm.deprecation            : HHH90000026: MySQL57Dialect has been deprecated; use org.hibernate.dialect.MySQLDialect instead
2023-10-10T14:36:10.267+09:00  INFO 2268 --- [restartedMain] o.h.b.i.BytecodeProviderInitiator        : HHH000021: Bytecode provider name : bytebuddy
2023-10-10T14:36:10.371+09:00  INFO 2268 --- [restartedMain] o.h.e.t.j.p.i.JtaPlatformInitiator       : HHH000490: Using JtaPlatform implementation: [org.hibernate.engine.transaction.jta.platform.internal.NoJtaPlatform]
2023-10-10T14:36:10.374+09:00  INFO 2268 --- [restartedMain] j.LocalContainerEntityManagerFactoryBean : Initialized JPA EntityManagerFactory for persistence unit 'default'
2023-10-10T14:36:10.395+09:00  WARN 2268 --- [restartedMain] JpaBaseConfiguration$JpaWebConfiguration : spring.jpa.open-in-view is enabled by default. Therefore, database queries may be performed during view rendering. Explicitly configure spring.jpa.open-in-view to disable this warning
2023-10-10T14:36:10.465+09:00  INFO 2268 --- [restartedMain] o.s.b.a.w.s.WelcomePageHandlerMapping    : Adding welcome page template: index
2023-10-10T14:36:10.649+09:00  INFO 2268 --- [restartedMain] o.s.s.web.DefaultSecurityFilterChain     : Will secure any request with [org.springframework.security.web.session.DisableEncodeUrlFilter@340933e6, org.springframework.security.web.context.request.async.WebAsyncManagerIntegrationFilter@983f576, org.springframework.security.web.context.SecurityContextHolderFilter@218e6a64, org.springframework.security.web.header.HeaderWriterFilter@3d88acff, org.springframework.security.web.csrf.CsrfFilter@7f728e47, org.springframework.security.web.authentication.logout.LogoutFilter@2b56b4dd, org.springframework.security.web.authentication.UsernamePasswordAuthenticationFilter@2bb956d8, org.springframework.security.web.authentication.ui.DefaultLoginPageGeneratingFilter@696608d2, org.springframework.security.web.authentication.ui.DefaultLogoutPageGeneratingFilter@6ff3f329, org.springframework.security.web.authentication.www.BasicAuthenticationFilter@7b08c7e6, org.springframework.security.web.savedrequest.RequestCacheAwareFilter@4bf6eb74, org.springframework.security.web.servletapi.SecurityContextHolderAwareRequestFilter@790d6ad3, org.springframework.security.web.authentication.AnonymousAuthenticationFilter@3a703686, org.springframework.security.web.access.ExceptionTranslationFilter@5f4143b3, org.springframework.security.web.access.intercept.AuthorizationFilter@6088a7bd]
2023-10-10T14:36:10.672+09:00  INFO 2268 --- [restartedMain] o.s.b.d.a.OptionalLiveReloadServer       : LiveReload server is running on port 35729
2023-10-10T14:36:10.689+09:00  INFO 2268 --- [restartedMain] o.s.b.w.embedded.tomcat.TomcatWebServer  : Tomcat started on port(s): 8080 (http) with context path ''
2023-10-10T14:36:10.694+09:00  INFO 2268 --- [restartedMain] kr.co.sboard.SboardApplication    : Started SboardApplication in 1.938 seconds (process running for 2.145)
2023-10-10T14:36:36.093+09:00  INFO 2268 --- [http-nio-8080-exec-1] o.a.c.c.C.[Tomcat].[localhost].[/]       : Initializing Spring DispatcherServlet 'dispatcherServlet'
2023-10-10T14:36:36.094+09:00  INFO 2268 --- [http-nio-8080-exec-1] o.s.web.servlet.DispatcherServlet        : Initializing Servlet 'dispatcherServlet'
2023-10-10T14:36:36.095+09:00  INFO 2268 --- [http-nio-8080-exec-1] o.s.web.servlet.DispatcherServlet        : Completed initialization in 0 ms
2023-10-10T14:36:36.099+09:00 DEBUG 2268 --- [http-nio-8080-exec-1] o.s.security.web.FilterChainProxy        : Securing GET /Sboard
2023-10-10T14:36:36.114+09:00 DEBUG 2268 --- [http-nio-8080-exec-1] o.s.s.w.a.AnonymousAuthenticationFilter  : Set SecurityContextHolder to anonymous SecurityContext
2023-10-10T14:36:36.129+09:00 DEBUG 2268 --- [http-nio-8080-exec-1] o.s.s.w.s.HttpSessionRequestCache        : Saved request http://localhost:8080/Sboard?continue to session
2023-10-10T14:36:36.130+09:00 DEBUG 2268 --- [http-nio-8080-exec-1] s.w.a.DelegatingAuthenticationEntryPoint : Trying to match using And [Not [RequestHeaderRequestMatcher [expectedHeaderName=X-Requested-With, expectedHeaderValue=XMLHttpRequest]], MediaTypeRequestMatcher [contentNegotiationStrategy=org.springframework.web.accept.ContentNegotiationManager@2a47b61, matchingMediaTypes=[application/xhtml+xml, image/*, text/html, text/plain], useEquals=false, ignoredMediaTypes=[*/*]]]
2023-10-10T14:36:36.130+09:00 DEBUG 2268 --- [http-nio-8080-exec-1] s.w.a.DelegatingAuthenticationEntryPoint : Match found! Executing org.springframework.security.web.authentication.LoginUrlAuthenticationEntryPoint@70b95992
2023-10-10T14:36:36.130+09:00 DEBUG 2268 --- [http-nio-8080-exec-1] o.s.s.web.DefaultRedirectStrategy        : Redirecting to http://localhost:8080/login
2023-10-10T14:36:36.134+09:00 DEBUG 2268 --- [http-nio-8080-exec-2] o.s.security.web.FilterChainProxy        : Securing GET /login
2023-10-10T14:36:37.555+09:00 DEBUG 2268 --- [http-nio-8080-exec-3] o.s.security.web.FilterChainProxy        : Securing GET /
2023-10-10T14:36:37.555+09:00 DEBUG 2268 --- [http-nio-8080-exec-3] o.s.s.w.a.AnonymousAuthenticationFilter  : Set SecurityContextHolder to anonymous SecurityContext
2023-10-10T14:36:37.557+09:00 DEBUG 2268 --- [http-nio-8080-exec-3] o.s.s.w.s.HttpSessionRequestCache        : Saved request http://localhost:8080/?continue to session
2023-10-10T14:36:37.557+09:00 DEBUG 2268 --- [http-nio-8080-exec-3] s.w.a.DelegatingAuthenticationEntryPoint : Trying to match using And [Not [RequestHeaderRequestMatcher [expectedHeaderName=X-Requested-With, expectedHeaderValue=XMLHttpRequest]], MediaTypeRequestMatcher [contentNegotiationStrategy=org.springframework.web.accept.ContentNegotiationManager@2a47b61, matchingMediaTypes=[application/xhtml+xml, image/*, text/html, text/plain], useEquals=false, ignoredMediaTypes=[*/*]]]
2023-10-10T14:36:37.557+09:00 DEBUG 2268 --- [http-nio-8080-exec-3] s.w.a.DelegatingAuthenticationEntryPoint : Match found! Executing org.springframework.security.web.authentication.LoginUrlAuthenticationEntryPoint@70b95992
2023-10-10T14:36:37.557+09:00 DEBUG 2268 --- [http-nio-8080-exec-3] o.s.s.web.DefaultRedirectStrategy        : Redirecting to http://localhost:8080/login
2023-10-10T14:36:37.561+09:00 DEBUG 2268 --- [http-nio-8080-exec-4] o.s.security.web.FilterChainProxy        : Securing GET /login
2023-10-10T14:36:39.861+09:00 DEBUG 2268 --- [http-nio-8080-exec-5] o.s.security.web.FilterChainProxy        : Securing GET /login
2023-10-10T14:37:02.864+09:00 DEBUG 2268 --- [http-nio-8080-exec-6] o.s.security.web.FilterChainProxy        : Securing POST /login
2023-10-10T14:37:02.990+09:00 DEBUG 2268 --- [http-nio-8080-exec-6] o.s.s.a.dao.DaoAuthenticationProvider    : Authenticated user
2023-10-10T14:37:02.991+09:00 DEBUG 2268 --- [http-nio-8080-exec-6] .s.ChangeSessionIdAuthenticationStrategy : Changed session id from 99445446741B3B605BC271D7F9F0D06E
2023-10-10T14:37:02.992+09:00 DEBUG 2268 --- [http-nio-8080-exec-6] o.s.s.w.csrf.CsrfAuthenticationStrategy  : Replaced CSRF Token
2023-10-10T14:37:02.992+09:00 DEBUG 2268 --- [http-nio-8080-exec-6] w.c.HttpSessionSecurityContextRepository : Stored SecurityContextImpl [Authentication=UsernamePasswordAuthenticationToken [Principal=org.springframework.security.core.userdetails.User [Username=user, Password=[PROTECTED], Enabled=true, AccountNonExpired=true, credentialsNonExpired=true, AccountNonLocked=true, Granted Authorities=[]], Credentials=[PROTECTED], Authenticated=true, Details=WebAuthenticationDetails [RemoteIpAddress=0:0:0:0:0:0:0:1, SessionId=99445446741B3B605BC271D7F9F0D06E], Granted Authorities=[]]] to HttpSession [org.apache.catalina.session.StandardSessionFacade@20cc4266]
2023-10-10T14:37:02.992+09:00 DEBUG 2268 --- [http-nio-8080-exec-6] w.a.UsernamePasswordAuthenticationFilter : Set SecurityContextHolder to UsernamePasswordAuthenticationToken [Principal=org.springframework.security.core.userdetails.User [Username=user, Password=[PROTECTED], Enabled=true, AccountNonExpired=true, credentialsNonExpired=true, AccountNonLocked=true, Granted Authorities=[]], Credentials=[PROTECTED], Authenticated=true, Details=WebAuthenticationDetails [RemoteIpAddress=0:0:0:0:0:0:0:1, SessionId=99445446741B3B605BC271D7F9F0D06E], Granted Authorities=[]]
2023-10-10T14:37:02.992+09:00 DEBUG 2268 --- [http-nio-8080-exec-6] o.s.s.web.DefaultRedirectStrategy        : Redirecting to http://localhost:8080/?continue
2023-10-10T14:37:02.995+09:00 DEBUG 2268 --- [http-nio-8080-exec-7] o.s.security.web.FilterChainProxy        : Securing GET /?continue
2023-10-10T14:37:02.999+09:00 DEBUG 2268 --- [http-nio-8080-exec-7] o.s.s.w.s.HttpSessionRequestCache        : Loaded matching saved request http://localhost:8080/?continue
2023-10-10T14:37:03.000+09:00 DEBUG 2268 --- [http-nio-8080-exec-7] w.c.HttpSessionSecurityContextRepository : Retrieved SecurityContextImpl [Authentication=UsernamePasswordAuthenticationToken [Principal=org.springframework.security.core.userdetails.User [Username=user, Password=[PROTECTED], Enabled=true, AccountNonExpired=true, credentialsNonExpired=true, AccountNonLocked=true, Granted Authorities=[]], Credentials=[PROTECTED], Authenticated=true, Details=WebAuthenticationDetails [RemoteIpAddress=0:0:0:0:0:0:0:1, SessionId=99445446741B3B605BC271D7F9F0D06E], Granted Authorities=[]]]
2023-10-10T14:37:03.000+09:00 DEBUG 2268 --- [http-nio-8080-exec-7] o.s.security.web.FilterChainProxy        : Secured GET /?continue
2023-10-10T14:39:09.215+09:00 DEBUG 2268 --- [http-nio-8080-exec-10] o.s.security.web.FilterChainProxy        : Securing GET /?continue
2023-10-10T14:39:09.215+09:00 DEBUG 2268 --- [http-nio-8080-exec-10] w.c.HttpSessionSecurityContextRepository : Retrieved SecurityContextImpl [Authentication=UsernamePasswordAuthenticationToken [Principal=org.springframework.security.core.userdetails.User [Username=user, Password=[PROTECTED], Enabled=true, AccountNonExpired=true, credentialsNonExpired=true, AccountNonLocked=true, Granted Authorities=[]], Credentials=[PROTECTED], Authenticated=true, Details=WebAuthenticationDetails [RemoteIpAddress=0:0:0:0:0:0:0:1, SessionId=99445446741B3B605BC271D7F9F0D06E], Granted Authorities=[]]]
2023-10-10T14:39:09.215+09:00 DEBUG 2268 --- [http-nio-8080-exec-10] o.s.security.web.FilterChainProxy        : Secured GET /?continue
2023-10-10T14:48:44.377+09:00 DEBUG 2268 --- [http-nio-8080-exec-3] o.s.security.web.FilterChainProxy        : Securing GET /?continue
2023-10-10T14:48:44.378+09:00 DEBUG 2268 --- [http-nio-8080-exec-3] w.c.HttpSessionSecurityContextRepository : Retrieved SecurityContextImpl [Authentication=UsernamePasswordAuthenticationToken [Principal=org.springframework.security.core.userdetails.User [Username=user, Password=[PROTECTED], Enabled=true, AccountNonExpired=true, credentialsNonExpired=true, AccountNonLocked=true, Granted Authorities=[]], Credentials=[PROTECTED], Authenticated=true, Details=WebAuthenticationDetails [RemoteIpAddress=0:0:0:0:0:0:0:1, SessionId=99445446741B3B605BC271D7F9F0D06E], Granted Authorities=[]]]
2023-10-10T14:48:44.378+09:00 DEBUG 2268 --- [http-nio-8080-exec-3] o.s.security.web.FilterChainProxy        : Secured GET /?continue
2023-10-10T14:48:45.158+09:00 DEBUG 2268 --- [http-nio-8080-exec-4] o.s.security.web.FilterChainProxy        : Securing GET /?continue
2023-10-10T14:48:45.159+09:00 DEBUG 2268 --- [http-nio-8080-exec-4] w.c.HttpSessionSecurityContextRepository : Retrieved SecurityContextImpl [Authentication=UsernamePasswordAuthenticationToken [Principal=org.springframework.security.core.userdetails.User [Username=user, Password=[PROTECTED], Enabled=true, AccountNonExpired=true, credentialsNonExpired=true, AccountNonLocked=true, Granted Authorities=[]], Credentials=[PROTECTED], Authenticated=true, Details=WebAuthenticationDetails [RemoteIpAddress=0:0:0:0:0:0:0:1, SessionId=99445446741B3B605BC271D7F9F0D06E], Granted Authorities=[]]]
2023-10-10T14:48:45.159+09:00 DEBUG 2268 --- [http-nio-8080-exec-4] o.s.security.web.FilterChainProxy        : Secured GET /?continue
2023-10-10T14:48:45.675+09:00 DEBUG 2268 --- [http-nio-8080-exec-5] o.s.security.web.FilterChainProxy        : Securing GET /?continue
2023-10-10T14:48:45.676+09:00 DEBUG 2268 --- [http-nio-8080-exec-5] w.c.HttpSessionSecurityContextRepository : Retrieved SecurityContextImpl [Authentication=UsernamePasswordAuthenticationToken [Principal=org.springframework.security.core.userdetails.User [Username=user, Password=[PROTECTED], Enabled=true, AccountNonExpired=true, credentialsNonExpired=true, AccountNonLocked=true, Granted Authorities=[]], Credentials=[PROTECTED], Authenticated=true, Details=WebAuthenticationDetails [RemoteIpAddress=0:0:0:0:0:0:0:1, SessionId=99445446741B3B605BC271D7F9F0D06E], Granted Authorities=[]]]
2023-10-10T14:48:45.676+09:00 DEBUG 2268 --- [http-nio-8080-exec-5] o.s.security.web.FilterChainProxy        : Secured GET /?continue
2023-10-10T14:48:46.091+09:00 DEBUG 2268 --- [http-nio-8080-exec-6] o.s.security.web.FilterChainProxy        : Securing GET /login
2023-10-10T14:48:47.201+09:00 DEBUG 2268 --- [http-nio-8080-exec-7] o.s.security.web.FilterChainProxy        : Securing GET /login
2023-10-10T14:48:47.695+09:00 DEBUG 2268 --- [http-nio-8080-exec-8] o.s.security.web.FilterChainProxy        : Securing GET /login
2023-10-10T14:48:48.216+09:00 DEBUG 2268 --- [http-nio-8080-exec-9] o.s.security.web.FilterChainProxy        : Securing GET /login
2023-10-10T14:48:48.466+09:00 DEBUG 2268 --- [http-nio-8080-exec-10] o.s.security.web.FilterChainProxy        : Securing GET /login
2023-10-10T14:50:30.741+09:00 DEBUG 2268 --- [http-nio-8080-exec-3] o.s.security.web.FilterChainProxy        : Securing GET /user/login
2023-10-10T14:50:30.742+09:00 DEBUG 2268 --- [http-nio-8080-exec-3] w.c.HttpSessionSecurityContextRepository : Retrieved SecurityContextImpl [Authentication=UsernamePasswordAuthenticationToken [Principal=org.springframework.security.core.userdetails.User [Username=user, Password=[PROTECTED], Enabled=true, AccountNonExpired=true, credentialsNonExpired=true, AccountNonLocked=true, Granted Authorities=[]], Credentials=[PROTECTED], Authenticated=true, Details=WebAuthenticationDetails [RemoteIpAddress=0:0:0:0:0:0:0:1, SessionId=99445446741B3B605BC271D7F9F0D06E], Granted Authorities=[]]]
2023-10-10T14:50:30.742+09:00 DEBUG 2268 --- [http-nio-8080-exec-3] o.s.security.web.FilterChainProxy        : Secured GET /user/login
2023-10-10T14:50:30.750+09:00 DEBUG 2268 --- [http-nio-8080-exec-3] o.s.security.web.FilterChainProxy        : Securing GET /error
2023-10-10T14:50:30.750+09:00 DEBUG 2268 --- [http-nio-8080-exec-3] w.c.HttpSessionSecurityContextRepository : Retrieved SecurityContextImpl [Authentication=UsernamePasswordAuthenticationToken [Principal=org.springframework.security.core.userdetails.User [Username=user, Password=[PROTECTED], Enabled=true, AccountNonExpired=true, credentialsNonExpired=true, AccountNonLocked=true, Granted Authorities=[]], Credentials=[PROTECTED], Authenticated=true, Details=WebAuthenticationDetails [RemoteIpAddress=0:0:0:0:0:0:0:1, SessionId=99445446741B3B605BC271D7F9F0D06E], Granted Authorities=[]]]
2023-10-10T14:50:30.750+09:00 DEBUG 2268 --- [http-nio-8080-exec-3] o.s.security.web.FilterChainProxy        : Secured GET /error
2023-10-10T14:50:42.657+09:00 DEBUG 2268 --- [http-nio-8080-exec-4] o.s.security.web.FilterChainProxy        : Securing GET /login
2023-10-10T14:50:43.762+09:00 DEBUG 2268 --- [http-nio-8080-exec-5] o.s.security.web.FilterChainProxy        : Securing GET /login
2023-10-10T14:50:43.965+09:00 DEBUG 2268 --- [http-nio-8080-exec-6] o.s.security.web.FilterChainProxy        : Securing GET /login
2023-10-10T14:50:44.697+09:00 DEBUG 2268 --- [http-nio-8080-exec-7] o.s.security.web.FilterChainProxy        : Securing POST /login
2023-10-10T14:50:44.758+09:00 DEBUG 2268 --- [http-nio-8080-exec-7] o.s.s.a.dao.DaoAuthenticationProvider    : Authenticated user
2023-10-10T14:50:44.758+09:00 DEBUG 2268 --- [http-nio-8080-exec-7] .s.ChangeSessionIdAuthenticationStrategy : Changed session id from FE90612AD296F92AEF4C2569B653BDC6
2023-10-10T14:50:44.758+09:00 DEBUG 2268 --- [http-nio-8080-exec-7] o.s.s.w.csrf.CsrfAuthenticationStrategy  : Replaced CSRF Token
2023-10-10T14:50:44.758+09:00 DEBUG 2268 --- [http-nio-8080-exec-7] w.c.HttpSessionSecurityContextRepository : Stored SecurityContextImpl [Authentication=UsernamePasswordAuthenticationToken [Principal=org.springframework.security.core.userdetails.User [Username=user, Password=[PROTECTED], Enabled=true, AccountNonExpired=true, credentialsNonExpired=true, AccountNonLocked=true, Granted Authorities=[]], Credentials=[PROTECTED], Authenticated=true, Details=WebAuthenticationDetails [RemoteIpAddress=0:0:0:0:0:0:0:1, SessionId=FE90612AD296F92AEF4C2569B653BDC6], Granted Authorities=[]]] to HttpSession [org.apache.catalina.session.StandardSessionFacade@20cc4266]
2023-10-10T14:50:44.758+09:00 DEBUG 2268 --- [http-nio-8080-exec-7] w.a.UsernamePasswordAuthenticationFilter : Set SecurityContextHolder to UsernamePasswordAuthenticationToken [Principal=org.springframework.security.core.userdetails.User [Username=user, Password=[PROTECTED], Enabled=true, AccountNonExpired=true, credentialsNonExpired=true, AccountNonLocked=true, Granted Authorities=[]], Credentials=[PROTECTED], Authenticated=true, Details=WebAuthenticationDetails [RemoteIpAddress=0:0:0:0:0:0:0:1, SessionId=FE90612AD296F92AEF4C2569B653BDC6], Granted Authorities=[]]
2023-10-10T14:50:44.758+09:00 DEBUG 2268 --- [http-nio-8080-exec-7] o.s.s.web.DefaultRedirectStrategy        : Redirecting to /
2023-10-10T14:50:44.761+09:00 DEBUG 2268 --- [http-nio-8080-exec-8] o.s.security.web.FilterChainProxy        : Securing GET /
2023-10-10T14:50:44.761+09:00 DEBUG 2268 --- [http-nio-8080-exec-8] w.c.HttpSessionSecurityContextRepository : Retrieved SecurityContextImpl [Authentication=UsernamePasswordAuthenticationToken [Principal=org.springframework.security.core.userdetails.User [Username=user, Password=[PROTECTED], Enabled=true, AccountNonExpired=true, credentialsNonExpired=true, AccountNonLocked=true, Granted Authorities=[]], Credentials=[PROTECTED], Authenticated=true, Details=WebAuthenticationDetails [RemoteIpAddress=0:0:0:0:0:0:0:1, SessionId=FE90612AD296F92AEF4C2569B653BDC6], Granted Authorities=[]]]
2023-10-10T14:50:44.761+09:00 DEBUG 2268 --- [http-nio-8080-exec-8] o.s.security.web.FilterChainProxy        : Secured GET /
2023-10-10T14:50:50.006+09:00 DEBUG 2268 --- [http-nio-8080-exec-9] o.s.security.web.FilterChainProxy        : Securing GET /user/login
2023-10-10T14:50:50.007+09:00 DEBUG 2268 --- [http-nio-8080-exec-9] w.c.HttpSessionSecurityContextRepository : Retrieved SecurityContextImpl [Authentication=UsernamePasswordAuthenticationToken [Principal=org.springframework.security.core.userdetails.User [Username=user, Password=[PROTECTED], Enabled=true, AccountNonExpired=true, credentialsNonExpired=true, AccountNonLocked=true, Granted Authorities=[]], Credentials=[PROTECTED], Authenticated=true, Details=WebAuthenticationDetails [RemoteIpAddress=0:0:0:0:0:0:0:1, SessionId=FE90612AD296F92AEF4C2569B653BDC6], Granted Authorities=[]]]
2023-10-10T14:50:50.007+09:00 DEBUG 2268 --- [http-nio-8080-exec-9] o.s.security.web.FilterChainProxy        : Secured GET /user/login
2023-10-10T14:50:50.011+09:00 DEBUG 2268 --- [http-nio-8080-exec-9] o.s.security.web.FilterChainProxy        : Securing GET /error
2023-10-10T14:50:50.012+09:00 DEBUG 2268 --- [http-nio-8080-exec-9] w.c.HttpSessionSecurityContextRepository : Retrieved SecurityContextImpl [Authentication=UsernamePasswordAuthenticationToken [Principal=org.springframework.security.core.userdetails.User [Username=user, Password=[PROTECTED], Enabled=true, AccountNonExpired=true, credentialsNonExpired=true, AccountNonLocked=true, Granted Authorities=[]], Credentials=[PROTECTED], Authenticated=true, Details=WebAuthenticationDetails [RemoteIpAddress=0:0:0:0:0:0:0:1, SessionId=FE90612AD296F92AEF4C2569B653BDC6], Granted Authorities=[]]]
2023-10-10T14:50:50.012+09:00 DEBUG 2268 --- [http-nio-8080-exec-9] o.s.security.web.FilterChainProxy        : Secured GET /error
2023-10-10T15:05:03.610+09:00 DEBUG 2268 --- [http-nio-8080-exec-1] o.s.security.web.FilterChainProxy        : Securing GET /user/login
2023-10-10T15:05:03.610+09:00 DEBUG 2268 --- [http-nio-8080-exec-1] w.c.HttpSessionSecurityContextRepository : Retrieved SecurityContextImpl [Authentication=UsernamePasswordAuthenticationToken [Principal=org.springframework.security.core.userdetails.User [Username=user, Password=[PROTECTED], Enabled=true, AccountNonExpired=true, credentialsNonExpired=true, AccountNonLocked=true, Granted Authorities=[]], Credentials=[PROTECTED], Authenticated=true, Details=WebAuthenticationDetails [RemoteIpAddress=0:0:0:0:0:0:0:1, SessionId=FE90612AD296F92AEF4C2569B653BDC6], Granted Authorities=[]]]
2023-10-10T15:05:03.610+09:00 DEBUG 2268 --- [http-nio-8080-exec-1] o.s.security.web.FilterChainProxy        : Secured GET /user/login
2023-10-10T15:05:03.613+09:00 DEBUG 2268 --- [http-nio-8080-exec-1] o.s.security.web.FilterChainProxy        : Securing GET /error
2023-10-10T15:05:03.613+09:00 DEBUG 2268 --- [http-nio-8080-exec-1] w.c.HttpSessionSecurityContextRepository : Retrieved SecurityContextImpl [Authentication=UsernamePasswordAuthenticationToken [Principal=org.springframework.security.core.userdetails.User [Username=user, Password=[PROTECTED], Enabled=true, AccountNonExpired=true, credentialsNonExpired=true, AccountNonLocked=true, Granted Authorities=[]], Credentials=[PROTECTED], Authenticated=true, Details=WebAuthenticationDetails [RemoteIpAddress=0:0:0:0:0:0:0:1, SessionId=FE90612AD296F92AEF4C2569B653BDC6], Granted Authorities=[]]]
2023-10-10T15:05:03.613+09:00 DEBUG 2268 --- [http-nio-8080-exec-1] o.s.security.web.FilterChainProxy        : Secured GET /error
2023-10-10T15:05:03.775+09:00 DEBUG 2268 --- [http-nio-8080-exec-3] o.s.security.web.FilterChainProxy        : Securing GET /user/login
2023-10-10T15:05:03.776+09:00 DEBUG 2268 --- [http-nio-8080-exec-3] w.c.HttpSessionSecurityContextRepository : Retrieved SecurityContextImpl [Authentication=UsernamePasswordAuthenticationToken [Principal=org.springframework.security.core.userdetails.User [Username=user, Password=[PROTECTED], Enabled=true, AccountNonExpired=true, credentialsNonExpired=true, AccountNonLocked=true, Granted Authorities=[]], Credentials=[PROTECTED], Authenticated=true, Details=WebAuthenticationDetails [RemoteIpAddress=0:0:0:0:0:0:0:1, SessionId=FE90612AD296F92AEF4C2569B653BDC6], Granted Authorities=[]]]
2023-10-10T15:05:03.776+09:00 DEBUG 2268 --- [http-nio-8080-exec-3] o.s.security.web.FilterChainProxy        : Secured GET /user/login
2023-10-10T15:05:03.777+09:00 DEBUG 2268 --- [http-nio-8080-exec-3] o.s.security.web.FilterChainProxy        : Securing GET /error
2023-10-10T15:05:03.778+09:00 DEBUG 2268 --- [http-nio-8080-exec-3] w.c.HttpSessionSecurityContextRepository : Retrieved SecurityContextImpl [Authentication=UsernamePasswordAuthenticationToken [Principal=org.springframework.security.core.userdetails.User [Username=user, Password=[PROTECTED], Enabled=true, AccountNonExpired=true, credentialsNonExpired=true, AccountNonLocked=true, Granted Authorities=[]], Credentials=[PROTECTED], Authenticated=true, Details=WebAuthenticationDetails [RemoteIpAddress=0:0:0:0:0:0:0:1, SessionId=FE90612AD296F92AEF4C2569B653BDC6], Granted Authorities=[]]]
2023-10-10T15:05:03.778+09:00 DEBUG 2268 --- [http-nio-8080-exec-3] o.s.security.web.FilterChainProxy        : Secured GET /error
2023-10-10T15:05:03.940+09:00 DEBUG 2268 --- [http-nio-8080-exec-4] o.s.security.web.FilterChainProxy        : Securing GET /user/login
2023-10-10T15:05:03.940+09:00 DEBUG 2268 --- [http-nio-8080-exec-4] w.c.HttpSessionSecurityContextRepository : Retrieved SecurityContextImpl [Authentication=UsernamePasswordAuthenticationToken [Principal=org.springframework.security.core.userdetails.User [Username=user, Password=[PROTECTED], Enabled=true, AccountNonExpired=true, credentialsNonExpired=true, AccountNonLocked=true, Granted Authorities=[]], Credentials=[PROTECTED], Authenticated=true, Details=WebAuthenticationDetails [RemoteIpAddress=0:0:0:0:0:0:0:1, SessionId=FE90612AD296F92AEF4C2569B653BDC6], Granted Authorities=[]]]
2023-10-10T15:05:03.940+09:00 DEBUG 2268 --- [http-nio-8080-exec-4] o.s.security.web.FilterChainProxy        : Secured GET /user/login
2023-10-10T15:05:03.942+09:00 DEBUG 2268 --- [http-nio-8080-exec-4] o.s.security.web.FilterChainProxy        : Securing GET /error
2023-10-10T15:05:03.942+09:00 DEBUG 2268 --- [http-nio-8080-exec-4] w.c.HttpSessionSecurityContextRepository : Retrieved SecurityContextImpl [Authentication=UsernamePasswordAuthenticationToken [Principal=org.springframework.security.core.userdetails.User [Username=user, Password=[PROTECTED], Enabled=true, AccountNonExpired=true, credentialsNonExpired=true, AccountNonLocked=true, Granted Authorities=[]], Credentials=[PROTECTED], Authenticated=true, Details=WebAuthenticationDetails [RemoteIpAddress=0:0:0:0:0:0:0:1, SessionId=FE90612AD296F92AEF4C2569B653BDC6], Granted Authorities=[]]]
2023-10-10T15:05:03.943+09:00 DEBUG 2268 --- [http-nio-8080-exec-4] o.s.security.web.FilterChainProxy        : Secured GET /error
2023-10-10T15:26:59.182+09:00 DEBUG 2268 --- [http-nio-8080-exec-7] o.s.security.web.FilterChainProxy        : Securing GET /user/login
2023-10-10T15:26:59.182+09:00 DEBUG 2268 --- [http-nio-8080-exec-7] w.c.HttpSessionSecurityContextRepository : Retrieved SecurityContextImpl [Authentication=UsernamePasswordAuthenticationToken [Principal=org.springframework.security.core.userdetails.User [Username=user, Password=[PROTECTED], Enabled=true, AccountNonExpired=true, credentialsNonExpired=true, AccountNonLocked=true, Granted Authorities=[]], Credentials=[PROTECTED], Authenticated=true, Details=WebAuthenticationDetails [RemoteIpAddress=0:0:0:0:0:0:0:1, SessionId=FE90612AD296F92AEF4C2569B653BDC6], Granted Authorities=[]]]
2023-10-10T15:26:59.183+09:00 DEBUG 2268 --- [http-nio-8080-exec-7] o.s.security.web.FilterChainProxy        : Secured GET /user/login
2023-10-10T15:26:59.185+09:00 DEBUG 2268 --- [http-nio-8080-exec-7] o.s.security.web.FilterChainProxy        : Securing GET /error
2023-10-10T15:26:59.185+09:00 DEBUG 2268 --- [http-nio-8080-exec-7] w.c.HttpSessionSecurityContextRepository : Retrieved SecurityContextImpl [Authentication=UsernamePasswordAuthenticationToken [Principal=org.springframework.security.core.userdetails.User [Username=user, Password=[PROTECTED], Enabled=true, AccountNonExpired=true, credentialsNonExpired=true, AccountNonLocked=true, Granted Authorities=[]], Credentials=[PROTECTED], Authenticated=true, Details=WebAuthenticationDetails [RemoteIpAddress=0:0:0:0:0:0:0:1, SessionId=FE90612AD296F92AEF4C2569B653BDC6], Granted Authorities=[]]]
2023-10-10T15:26:59.185+09:00 DEBUG 2268 --- [http-nio-8080-exec-7] o.s.security.web.FilterChainProxy        : Secured GET /error
